<?xml version="1.0" encoding="UTF-8"?>
<!-- Generated by org.testng.reporters.JUnitReportReporter -->
<testsuite skipped="0" hostname="L7MN000108180" name="com.mymatrix.qa.regressiontestcases.CreateClientFileTest" tests="1" failures="0" timestamp="2021-03-11T12:06:20 CST" time="13.976" errors="0">
  <testcase name="searchClientFilePageTest" time="13.976" classname="com.mymatrix.qa.regressiontestcases.CreateClientFileTest"/>
  <system-out/>
</testsuite> <!-- com.mymatrix.qa.regressiontestcases.CreateClientFileTest -->
