<?xml version="1.0" encoding="UTF-8"?>
<!-- Generated by org.testng.reporters.JUnitReportReporter -->
<testsuite skipped="0" hostname="L7MN000108180" name="com.mymatrix.qa.regressiontestcases.CostLineTest" tests="2" failures="0" timestamp="2021-03-11T12:06:20 CST" time="23.608" errors="0">
  <testcase name="costLinePageTest" time="10.396" classname="com.mymatrix.qa.regressiontestcases.CostLineTest"/>
  <system-out/>
  <testcase name="costLinePageTest" time="13.212" classname="com.mymatrix.qa.regressiontestcases.CostLineTest"/>
  <system-out/>
</testsuite> <!-- com.mymatrix.qa.regressiontestcases.CostLineTest -->
