<?xml version="1.0" encoding="UTF-8"?>
<!-- Generated by org.testng.reporters.JUnitReportReporter -->
<testsuite skipped="0" hostname="L7MN000108180" name="com.mymatrix.qa.regressiontestcases.AirItineraryTest" tests="3" failures="0" timestamp="2021-03-11T12:06:20 CST" time="46.194" errors="0">
  <testcase name="airItineraryPageTest" time="14.617" classname="com.mymatrix.qa.regressiontestcases.AirItineraryTest"/>
  <system-out/>
  <testcase name="airItineraryPageTest" time="16.683" classname="com.mymatrix.qa.regressiontestcases.AirItineraryTest"/>
  <system-out/>
  <testcase name="airItineraryPageTest" time="14.894" classname="com.mymatrix.qa.regressiontestcases.AirItineraryTest"/>
  <system-out/>
</testsuite> <!-- com.mymatrix.qa.regressiontestcases.AirItineraryTest -->
