<?xml version="1.0" encoding="UTF-8"?>
<!-- Generated by org.testng.reporters.JUnitReportReporter -->
<testsuite skipped="0" hostname="L7MN000108180" name="com.mymatrix.qa.regressiontestcases.BSPTicketTest" tests="4" failures="0" timestamp="2021-03-11T12:06:20 CST" time="84.021" errors="0">
  <testcase name="ticketPageTest" time="17.977" classname="com.mymatrix.qa.regressiontestcases.BSPTicketTest"/>
  <system-out/>
  <testcase name="ticketPageTest" time="17.916" classname="com.mymatrix.qa.regressiontestcases.BSPTicketTest"/>
  <system-out/>
  <testcase name="ticketPageTest" time="22.876" classname="com.mymatrix.qa.regressiontestcases.BSPTicketTest"/>
  <system-out/>
  <testcase name="ticketPageTest" time="25.252" classname="com.mymatrix.qa.regressiontestcases.BSPTicketTest"/>
  <system-out/>
</testsuite> <!-- com.mymatrix.qa.regressiontestcases.BSPTicketTest -->
