<?xml version="1.0" encoding="UTF-8"?>
<!-- Generated by org.testng.reporters.JUnitReportReporter -->
<testsuite skipped="0" hostname="L7MN000108180" name="com.mymatrix.qa.regressiontestcases.NonBSPTicketTest" tests="4" failures="0" timestamp="2021-03-11T12:06:20 CST" time="71.741" errors="0">
  <testcase name="ticketPageTest" time="22.591" classname="com.mymatrix.qa.regressiontestcases.NonBSPTicketTest"/>
  <system-out/>
  <testcase name="ticketPageTest" time="17.010" classname="com.mymatrix.qa.regressiontestcases.NonBSPTicketTest"/>
  <system-out/>
  <testcase name="ticketPageTest" time="16.529" classname="com.mymatrix.qa.regressiontestcases.NonBSPTicketTest"/>
  <system-out/>
  <testcase name="ticketPageTest" time="15.611" classname="com.mymatrix.qa.regressiontestcases.NonBSPTicketTest"/>
  <system-out/>
</testsuite> <!-- com.mymatrix.qa.regressiontestcases.NonBSPTicketTest -->
