<?xml version="1.0" encoding="UTF-8"?>
<!-- Generated by org.testng.reporters.JUnitReportReporter -->
<testsuite hostname="L7MN000108180" failures="0" tests="2" name="com.mymatrix.qa.testcases.ChangeBranchPageTest" time="3.414" errors="0" timestamp="2021-02-20T13:21:09 CST" skipped="0">
  <testcase classname="com.mymatrix.qa.testcases.ChangeBranchPageTest" name="changeBranchPageTest" time="2.944"/>
  <system-out/>
  <testcase classname="com.mymatrix.qa.testcases.ChangeBranchPageTest" name="changeBranchPageTest" time="0.470"/>
  <system-out/>
</testsuite> <!-- com.mymatrix.qa.testcases.ChangeBranchPageTest -->
