<?xml version="1.0" encoding="UTF-8"?>
<!-- Generated by org.testng.reporters.JUnitReportReporter -->
<testsuite hostname="L7MN000108180" failures="0" tests="7" name="com.mymatrix.qa.testcases.LoginPageTest" time="21.499" errors="0" timestamp="2021-02-20T13:21:09 CST" skipped="0">
  <testcase classname="com.mymatrix.qa.testcases.LoginPageTest" name="loginTest" time="1.833"/>
  <system-out/>
  <testcase classname="com.mymatrix.qa.testcases.LoginPageTest" name="loginTest" time="10.422"/>
  <system-out/>
  <testcase classname="com.mymatrix.qa.testcases.LoginPageTest" name="loginTest" time="1.925"/>
  <system-out/>
  <testcase classname="com.mymatrix.qa.testcases.LoginPageTest" name="loginTest" time="2.170"/>
  <system-out/>
  <testcase classname="com.mymatrix.qa.testcases.LoginPageTest" name="loginTest" time="1.610"/>
  <system-out/>
  <testcase classname="com.mymatrix.qa.testcases.LoginPageTest" name="loginTest" time="1.339"/>
  <system-out/>
  <testcase classname="com.mymatrix.qa.testcases.LoginPageTest" name="loginTest" time="2.200"/>
  <system-out/>
</testsuite> <!-- com.mymatrix.qa.testcases.LoginPageTest -->
