<?xml version="1.0" encoding="UTF-8"?>
<!-- Generated by org.testng.reporters.JUnitReportReporter -->
<testsuite hostname="L7MN000108180" failures="0" tests="7" name="com.mymatrix.qa.testcases.SearchClientFilePageTest" time="20.402" errors="0" timestamp="2021-02-20T13:21:09 CST" skipped="0">
  <testcase classname="com.mymatrix.qa.testcases.SearchClientFilePageTest" name="searchClientFilePageTest" time="0.371"/>
  <system-out/>
  <testcase classname="com.mymatrix.qa.testcases.SearchClientFilePageTest" name="searchClientFilePageTest" time="18.442"/>
  <system-out/>
  <testcase classname="com.mymatrix.qa.testcases.SearchClientFilePageTest" name="searchClientFilePageTest" time="0.215"/>
  <system-out/>
  <testcase classname="com.mymatrix.qa.testcases.SearchClientFilePageTest" name="searchClientFilePageTest" time="0.312"/>
  <system-out/>
  <testcase classname="com.mymatrix.qa.testcases.SearchClientFilePageTest" name="searchClientFilePageTest" time="0.361"/>
  <system-out/>
  <testcase classname="com.mymatrix.qa.testcases.SearchClientFilePageTest" name="searchClientFilePageTest" time="0.389"/>
  <system-out/>
  <testcase classname="com.mymatrix.qa.testcases.SearchClientFilePageTest" name="searchClientFilePageTest" time="0.312"/>
  <system-out/>
</testsuite> <!-- com.mymatrix.qa.testcases.SearchClientFilePageTest -->
